<?xml version="1.0" encoding="UTF-8"?>
<testsuite xmlns:xsi="http://www.w3.org/2001/XMLSchema-instance" xsi:noNamespaceSchemaLocation="https://maven.apache.org/surefire/maven-surefire-plugin/xsd/surefire-test-report-3.0.xsd" version="3.0" name="com.xiuxian.service.impl.CharacterServiceImplTest" time="0.275" tests="22" errors="0" skipped="0" failures="0">
  <properties>
[...]
</properties>
  <testcase name="allocatePoints_CalculatesCritRateAndSpeed" classname="com.xiuxian.service.impl.CharacterServiceImplTest" time="0.197">
    <system-out><![CDATA[2026-01-14 23:19:34.100 [main] DEBUG com.xiuxian.service.impl.CharacterServiceImpl - ���¼�����������: characterId=1, healthMax=200, staminaMax=200, spiritualPowerMax=200, critRate=17.50%, critDamage=200.00%, speed=150.00, realmHpBonus=0, realmSpBonus=0, realmStaminaBonus=0
2026-01-14 23:19:34.100 [main] INFO  com.xiuxian.service.impl.CharacterServiceImpl - �������Ե�ɹ�: characterId=1, constitution=10, spirit=10, comprehension=10, luck=10, fortune=25, remainingPoints=0
]]></system-out>
  </testcase>
  <testcase name="checkNameExists_True" classname="com.xiuxian.service.impl.CharacterServiceImplTest" time="0.003"/>
  <testcase name="allocatePoints_SpiritExceedsLimit" classname="com.xiuxian.service.impl.CharacterServiceImplTest" time="0"/>
  <testcase name="allocatePoints_ZeroPointsRequested" classname="com.xiuxian.service.impl.CharacterServiceImplTest" time="0.009"/>
  <testcase name="createCharacter_NullAttribute" classname="com.xiuxian.service.impl.CharacterServiceImplTest" time="0.002"/>
  <testcase name="allocatePoints_RecalculatesDerivedAttributes" classname="com.xiuxian.service.impl.CharacterServiceImplTest" time="0.004">
    <system-out><![CDATA[2026-01-14 23:19:34.119 [main] DEBUG com.xiuxian.service.impl.CharacterServiceImpl - ���¼�����������: characterId=1, healthMax=250, staminaMax=250, spiritualPowerMax=200, critRate=10.00%, critDamage=170.00%, speed=120.00, realmHpBonus=0, realmSpBonus=0, realmStaminaBonus=0
2026-01-14 23:19:34.123 [main] INFO  com.xiuxian.service.impl.CharacterServiceImpl - �������Ե�ɹ�: characterId=1, constitution=15, spirit=10, comprehension=10, luck=10, fortune=10, remainingPoints=0
]]></system-out>
  </testcase>
  <testcase name="getCharacterById_Success" classname="com.xiuxian.service.impl.CharacterServiceImplTest" time="0"/>
  <testcase name="createCharacter_RealmNotInitialized" classname="com.xiuxian.service.impl.CharacterServiceImplTest" time="0"/>
  <testcase name="allocatePoints_PartialAllocation" classname="com.xiuxian.service.impl.CharacterServiceImplTest" time="0">
    <system-out><![CDATA[2026-01-14 23:19:34.132 [main] DEBUG com.xiuxian.service.impl.CharacterServiceImpl - ���¼�����������: characterId=1, healthMax=610, staminaMax=610, spiritualPowerMax=610, critRate=30.00%, critDamage=250.00%, speed=200.00, realmHpBonus=0, realmSpBonus=0, realmStaminaBonus=0
2026-01-14 23:19:34.132 [main] INFO  com.xiuxian.service.impl.CharacterServiceImpl - �������Ե�ɹ�: characterId=1, constitution=51, spirit=51, comprehension=51, luck=50, fortune=50, remainingPoints=7
]]></system-out>
  </testcase>
  <testcase name="createCharacter_AttributeValueTooHigh" classname="com.xiuxian.service.impl.CharacterServiceImplTest" time="0"/>
  <testcase name="checkNameExists_False" classname="com.xiuxian.service.impl.CharacterServiceImplTest" time="0"/>
  <testcase name="createCharacter_InvalidPoints" classname="com.xiuxian.service.impl.CharacterServiceImplTest" time="0"/>
  <testcase name="allocatePoints_AllAttributesExactly" classname="com.xiuxian.service.impl.CharacterServiceImplTest" time="0.015">
    <system-out><![CDATA[2026-01-14 23:19:34.147 [main] DEBUG com.xiuxian.service.impl.CharacterServiceImpl - ���¼�����������: characterId=1, healthMax=1200, staminaMax=1200, spiritualPowerMax=600, critRate=30.00%, critDamage=250.00%, speed=200.00, realmHpBonus=0, realmSpBonus=0, realmStaminaBonus=0
2026-01-14 23:19:34.147 [main] INFO  com.xiuxian.service.impl.CharacterServiceImpl - �������Ե�ɹ�: characterId=1, constitution=110, spirit=50, comprehension=50, luck=50, fortune=50, remainingPoints=0
]]></system-out>
  </testcase>
  <testcase name="createCharacter_NameExists" classname="com.xiuxian.service.impl.CharacterServiceImplTest" time="0.004"/>
  <testcase name="createCharacter_Success" classname="com.xiuxian.service.impl.CharacterServiceImplTest" time="0">
    <system-out><![CDATA[2026-01-14 23:19:34.153 [main] DEBUG com.xiuxian.service.impl.CharacterServiceImpl - ���¼�����������: characterId=null, healthMax=190, staminaMax=190, spiritualPowerMax=190, critRate=9.50%, critDamage=168.00%, speed=118.00, realmHpBonus=0, realmSpBonus=0, realmStaminaBonus=0
2026-01-14 23:19:34.153 [main] INFO  com.xiuxian.service.impl.CharacterServiceImpl - ������ɫ�ɹ�: characterId=null, playerName=TestPlayer
]]></system-out>
  </testcase>
  <testcase name="getCharacterById_NotFound" classname="com.xiuxian.service.impl.CharacterServiceImplTest" time="0.005"/>
  <testcase name="allocatePoints_CharacterNotFound" classname="com.xiuxian.service.impl.CharacterServiceImplTest" time="0"/>
  <testcase name="allocatePoints_NotEnoughPoints" classname="com.xiuxian.service.impl.CharacterServiceImplTest" time="0.005"/>
  <testcase name="allocatePoints_ConstitutionExceedsLimit" classname="com.xiuxian.service.impl.CharacterServiceImplTest" time="0"/>
  <testcase name="allocatePoints_Success" classname="com.xiuxian.service.impl.CharacterServiceImplTest" time="0">
    <system-out><![CDATA[2026-01-14 23:19:34.163 [main] DEBUG com.xiuxian.service.impl.CharacterServiceImpl - ���¼�����������: characterId=1, healthMax=220, staminaMax=220, spiritualPowerMax=210, critRate=10.00%, critDamage=170.00%, speed=120.00, realmHpBonus=0, realmSpBonus=0, realmStaminaBonus=0
2026-01-14 23:19:34.163 [main] INFO  com.xiuxian.service.impl.CharacterServiceImpl - �������Ե�ɹ�: characterId=1, constitution=12, spirit=11, comprehension=11, luck=11, fortune=10, remainingPoints=0
]]></system-out>
  </testcase>
  <testcase name="createCharacter_AttributeValueTooLow" classname="com.xiuxian.service.impl.CharacterServiceImplTest" time="0.011"/>
  <testcase name="allocatePoints_AttributeAtLimitBoundary" classname="com.xiuxian.service.impl.CharacterServiceImplTest" time="0.003">
    <system-out><![CDATA[2026-01-14 23:19:34.174 [main] DEBUG com.xiuxian.service.impl.CharacterServiceImpl - ���¼�����������: characterId=1, healthMax=10090, staminaMax=10090, spiritualPowerMax=620, critRate=30.50%, critDamage=252.00%, speed=202.00, realmHpBonus=0, realmSpBonus=0, realmStaminaBonus=0
2026-01-14 23:19:34.177 [main] INFO  com.xiuxian.service.impl.CharacterServiceImpl - �������Ե�ɹ�: characterId=1, constitution=999, spirit=52, comprehension=51, luck=51, fortune=51, remainingPoints=0
]]></system-out>
  </testcase>
</testsuite>